



we are the champions333
ASKLD'laskd'skdlkl;skdlaskdsal;dklsa;kdas;ldsdsad
asdasdasdasdasd
asdasdsadasdasdasdasdsdsdasdasdasdxcvxvdfgdf
gdfgdgdfgdgdgdfgdfg
ASKLD'laskd'skdlkl;skdlaskdsal;dklsa;kdas;ldsdsad
asdasdasdasdasd
asdasdsadasdasdasdasdsdsdasdasdasdxcvxvdfgdf
gdfgdgdfgdgdgdfgdfgASKLD'laskd'skdlkl;skdlaskdsal;dklsa;kdas;ldsdsad
asdasdasdasdasd
asdasdsadasdasdasdasdsdsdasdasdasdxcvxvdfgdf
gdfgdgdfgdgdgdfgdfgASKLD'laskd'skdlkl;skdlaskdsal;dklsa;kdas;ldsdsad
asdasdasdasdasd
asdasdsadasdasdasdasdsdsdasdasdasdxcvxvdfgdf
gdfgdgdfgdgdgdfgdfgASKLD'laskd'skdlkl;skdlaskdsal;dklsa;kdas;ldsdsad
asdasdasdasdasd
asdasdsadasdasdasdasdsdsdasdasdasdxcvxvdfgdf
gdfgdgdfgdgdgdfgdfgASKLD'laskd'skdlkl;skdlaskdsal;dklsa;kdas;ldsdsad
asdasdasdasdasd
asdasdsadasdasdasdasdsdsdasdasdasdxcvxvdfgdf
gdfgdgdfgdgdgdfgdfgASKLD'laskd'skdlkl;skdlaskdsal;dklsa;kdas;ldsdsad
asdasdasdasdasd
asdasdsadasdasdasdasdsdsdasdasdasdxcvxvdfgdf
gdfgdgdfgdgdgdfgdfgASKLD'laskd'skdlkl;skdlaskdsal;dklsa;kdas;ldsdsad
asdasdasdasdasd
asdasdsadasdasdasdasdsdsdasdasdasdxcvxvdfgdf
gdfgdgdfgdgdgdfgdfgASKLD'laskd'skdlkl;skdlaskdsal;dklsa;kdas;ldsdsad
asdasdasdasdasd
asdasdsadasdasdasdasdsdsdasdasdasdxcvxvdfgdf
gdfgdgdfgdgdgdfgdfgASKLD'laskd'skdlkl;skdlaskdsal;dklsa;kdas;ldsdsad
asdasdasdasdasd
asdasdsadasdasdasdasdsdsdasdasdasdxcvxvdfgdf
gdfgdgdfgdgdgdfgdfgASKLD'laskd'skdlkl;skdlaskdsal;dklsa;kdas;ldsdsad
asdasdasdasdasd
asdasdsadasdasdasdasdsdsdasdasdasdxcvxvdfgdf
gdfgdgdfgdgdgdfgdfgASKLD'laskd'skdlkl;skdlaskdsal;dklsa;kdas;ldsdsad
asdasdasdasdasd
asdasdsadasdasdasdasdsdsdasdasdasdxcvxvdfgdf
gdfgdgdfgdgdgdfgdfgASKLD'laskd'skdlkl;skdlaskdsal;dklsa;kdas;ldsdsad
asdasdasdasdasd
asdasdsadasdasdasdasdsdsdasdasdasdxcvxvdfgdf
gdfgdgdfgdgdgdfgdfgASKLD'laskd'skdlkl;skdlaskdsal;dklsa;kdas;ldsdsad
asdasdasdasdasd
asdasdsadasdasdasdasdsdsdasdasdasdxcvxvdfgdf
gdfgdgdfgdgdgdfgdfgASKLD'laskd'skdlkl;skdlaskdsal;dklsa;kdas;ldsdsad
asdasdasdasdasd
asdasdsadasdasdasdasdsdsdasdasdasdxcvxvdfgdf
gdfgdgdfgdgdgdfgdfg
